# JRE version: OpenJDK Runtime Environment Temurin-17.0.7+7 (17.0.7+7) (build 17.0.7+7)
# Java VM: OpenJDK 64-Bit Server VM Temurin-17.0.7+7 (17.0.7+7, mixed mode, emulated-client, tiered, compressed oops, compressed class ptrs, g1 gc, windows-amd64)
GC Precious Log:
 CPUs: 6 total, 6 available
 Memory: 7861M
 Large Page Support: Disabled
 NUMA Support: Disabled
 Compressed Oops: Enabled (32-bit)
 Heap Region Size: 1M
 Heap Min Capacity: 8M
 Heap Initial Capacity: 124M
 Heap Max Capacity: 1966M
 Pre-touch: Disabled
 Parallel Workers: 6
 Concurrent Workers: 2
 Concurrent Refinement Workers: 6
 Periodic GC: Disabled
Heap:
 garbage-first heap   total 51200K, used 22839K [0x0000000085200000, 0x0000000100000000)
  region size 1024K, 7 young (7168K), 2 survivors (2048K)
 Metaspace       used 43014K, committed 43776K, reserved 1114112K
  class space    used 5470K, committed 5824K, reserved 1048576K
GC Heap History (20 events):
Event: 1578.204 GC heap before
{Heap before GC invocations=51 (full 13):
 garbage-first heap   total 51200K, used 38943K [0x0000000085200000, 0x0000000100000000)
  region size 1024K, 24 young (24576K), 3 survivors (3072K)
 Metaspace       used 42562K, committed 43136K, reserved 1114112K
  class space    used 5381K, committed 5632K, reserved 1048576K
}
Event: 1578.206 GC heap after
{Heap after GC invocations=52 (full 13):
 garbage-first heap   total 51200K, used 18613K [0x0000000085200000, 0x0000000100000000)
  region size 1024K, 2 young (2048K), 2 survivors (2048K)
 Metaspace       used 42562K, committed 43136K, reserved 1114112K
  class space    used 5381K, committed 5632K, reserved 1048576K
}
Event: 1728.689 GC heap before
{Heap before GC invocations=52 (full 13):
 garbage-first heap   total 51200K, used 31925K [0x0000000085200000, 0x0000000100000000)
  region size 1024K, 16 young (16384K), 2 survivors (2048K)
 Metaspace       used 42564K, committed 43136K, reserved 1114112K
  class space    used 5382K, committed 5632K, reserved 1048576K
}
Event: 1728.710 GC heap after
{Heap after GC invocations=53 (full 14):
 garbage-first heap   total 51200K, used 15386K [0x0000000085200000, 0x0000000100000000)
  region size 1024K, 0 young (0K), 0 survivors (0K)
 Metaspace       used 42558K, committed 43136K, reserved 1114112K
  class space    used 5381K, committed 5632K, reserved 1048576K
}
Event: 1728.879 GC heap before
{Heap before GC invocations=53 (full 14):
 garbage-first heap   total 51200K, used 38938K [0x0000000085200000, 0x0000000100000000)
  region size 1024K, 24 young (24576K), 0 survivors (0K)
 Metaspace       used 42584K, committed 43200K, reserved 1114112K
  class space    used 5387K, committed 5696K, reserved 1048576K
}
Event: 1728.880 GC heap after
{Heap after GC invocations=54 (full 14):
 garbage-first heap   total 51200K, used 17434K [0x0000000085200000, 0x0000000100000000)
  region size 1024K, 2 young (2048K), 2 survivors (2048K)
 Metaspace       used 42584K, committed 43200K, reserved 1114112K
  class space    used 5387K, committed 5696K, reserved 1048576K
}
Event: 1728.994 GC heap before
{Heap before GC invocations=54 (full 14):
 garbage-first heap   total 51200K, used 39962K [0x0000000085200000, 0x0000000100000000)
  region size 1024K, 24 young (24576K), 2 survivors (2048K)
 Metaspace       used 42618K, committed 43264K, reserved 1114112K
  class space    used 5390K, committed 5696K, reserved 1048576K
}
Event: 1728.996 GC heap after
{Heap after GC invocations=55 (full 14):
 garbage-first heap   total 51200K, used 18752K [0x0000000085200000, 0x0000000100000000)
  region size 1024K, 2 young (2048K), 2 survivors (2048K)
 Metaspace       used 42618K, committed 43264K, reserved 1114112K
  class space    used 5390K, committed 5696K, reserved 1048576K
}
Event: 1763.271 GC heap before
{Heap before GC invocations=55 (full 14):
 garbage-first heap   total 51200K, used 21824K [0x0000000085200000, 0x0000000100000000)
  region size 1024K, 6 young (6144K), 2 survivors (2048K)
 Metaspace       used 42621K, committed 43264K, reserved 1114112K
  class space    used 5391K, committed 5696K, reserved 1048576K
}
Event: 1763.343 GC heap after
{Heap after GC invocations=56 (full 15):
 garbage-first heap   total 51200K, used 15412K [0x0000000085200000, 0x0000000100000000)
  region size 1024K, 0 young (0K), 0 survivors (0K)
 Metaspace       used 42615K, committed 43264K, reserved 1114112K
  class space    used 5389K, committed 5696K, reserved 1048576K
}
Event: 1763.525 GC heap before
{Heap before GC invocations=56 (full 15):
 garbage-first heap   total 51200K, used 38964K [0x0000000085200000, 0x0000000100000000)
  region size 1024K, 24 young (24576K), 0 survivors (0K)
 Metaspace       used 42634K, committed 43264K, reserved 1114112K
  class space    used 5396K, committed 5696K, reserved 1048576K
}
Event: 1763.527 GC heap after
{Heap after GC invocations=57 (full 15):
 garbage-first heap   total 51200K, used 17652K [0x0000000085200000, 0x0000000100000000)
  region size 1024K, 3 young (3072K), 3 survivors (3072K)
 Metaspace       used 42634K, committed 43264K, reserved 1114112K
  class space    used 5396K, committed 5696K, reserved 1048576K
}
Event: 1763.641 GC heap before
{Heap before GC invocations=57 (full 15):
 garbage-first heap   total 51200K, used 39156K [0x0000000085200000, 0x0000000100000000)
  region size 1024K, 24 young (24576K), 3 survivors (3072K)
 Metaspace       used 42897K, committed 43584K, reserved 1114112K
  class space    used 5448K, committed 5760K, reserved 1048576K
}
Event: 1763.643 GC heap after
{Heap after GC invocations=58 (full 15):
 garbage-first heap   total 51200K, used 18696K [0x0000000085200000, 0x0000000100000000)
  region size 1024K, 2 young (2048K), 2 survivors (2048K)
 Metaspace       used 42897K, committed 43584K, reserved 1114112K
  class space    used 5448K, committed 5760K, reserved 1048576K
}
Event: 1806.746 GC heap before
{Heap before GC invocations=58 (full 15):
 garbage-first heap   total 51200K, used 24840K [0x0000000085200000, 0x0000000100000000)
  region size 1024K, 9 young (9216K), 2 survivors (2048K)
 Metaspace       used 42959K, committed 43712K, reserved 1114112K
  class space    used 5461K, committed 5824K, reserved 1048576K
}
Event: 1806.768 GC heap after
{Heap after GC invocations=59 (full 16):
 garbage-first heap   total 51200K, used 15561K [0x0000000085200000, 0x0000000100000000)
  region size 1024K, 0 young (0K), 0 survivors (0K)
 Metaspace       used 42954K, committed 43712K, reserved 1114112K
  class space    used 5460K, committed 5824K, reserved 1048576K
}
Event: 1806.961 GC heap before
{Heap before GC invocations=59 (full 16):
 garbage-first heap   total 51200K, used 39113K [0x0000000085200000, 0x0000000100000000)
  region size 1024K, 23 young (23552K), 0 survivors (0K)
 Metaspace       used 42973K, committed 43712K, reserved 1114112K
  class space    used 5466K, committed 5824K, reserved 1048576K
}
Event: 1807.006 GC heap after
{Heap after GC invocations=60 (full 16):
 garbage-first heap   total 51200K, used 17577K [0x0000000085200000, 0x0000000100000000)
  region size 1024K, 2 young (2048K), 2 survivors (2048K)
 Metaspace       used 42973K, committed 43712K, reserved 1114112K
  class space    used 5466K, committed 5824K, reserved 1048576K
}
Event: 1807.148 GC heap before
{Heap before GC invocations=60 (full 16):
 garbage-first heap   total 51200K, used 39081K [0x0000000085200000, 0x0000000100000000)
  region size 1024K, 23 young (23552K), 2 survivors (2048K)
 Metaspace       used 43011K, committed 43776K, reserved 1114112K
  class space    used 5469K, committed 5824K, reserved 1048576K
}
Event: 1807.149 GC heap after
{Heap after GC invocations=61 (full 16):
 garbage-first heap   total 51200K, used 18743K [0x0000000085200000, 0x0000000100000000)
  region size 1024K, 2 young (2048K), 2 survivors (2048K)
 Metaspace       used 43011K, committed 43776K, reserved 1114112K
  class space    used 5469K, committed 5824K, reserved 1048576K
}

